-------------------------------------------------------------------------------
Test set: com.model.UsersTest
-------------------------------------------------------------------------------
Tests run: 9, Failures: 2, Errors: 0, Skipped: 0, Time elapsed: 0.047 s <<< FAILURE! - in com.model.UsersTest
com.model.UsersTest.testAddBlankUsername  Time elapsed: 0.003 s  <<< FAILURE!
java.lang.AssertionError: Expected blank username addition to fail
	at org.junit.Assert.fail(Assert.java:89)
	at org.junit.Assert.assertTrue(Assert.java:42)
	at org.junit.Assert.assertFalse(Assert.java:65)
	at com.model.UsersTest.testAddBlankUsername(UsersTest.java:74)
	at java.base/java.lang.reflect.Method.invoke(Method.java:580)

com.model.UsersTest.testAddBlankPassword  Time elapsed: 0 s  <<< FAILURE!
java.lang.AssertionError: Expected user creation to fail with blank password
	at org.junit.Assert.fail(Assert.java:89)
	at org.junit.Assert.assertTrue(Assert.java:42)
	at org.junit.Assert.assertFalse(Assert.java:65)
	at com.model.UsersTest.testAddBlankPassword(UsersTest.java:84)
	at java.base/java.lang.reflect.Method.invoke(Method.java:580)

