<?xml version="1.0" encoding="UTF-8"?>
<testsuite xmlns:xsi="http://www.w3.org/2001/XMLSchema-instance" xsi:noNamespaceSchemaLocation="https://maven.apache.org/surefire/maven-surefire-plugin/xsd/surefire-test-report-3.0.xsd" version="3.0" name="com.model.PuzzleTest" time="0.027" tests="13" errors="0" skipped="0" failures="5">
  <properties>
[...]
</properties>
  <testcase name="testCannotSolveWithoutRequiredItems" classname="com.model.PuzzleTest" time="0.007">
    <failure message="Puzzle was solved without required items present — logic bug! ==&gt; expected: &lt;false&gt; but was: &lt;true&gt;" type="org.opentest4j.AssertionFailedError"><![CDATA[org.opentest4j.AssertionFailedError: Puzzle was solved without required items present — logic bug! ==> expected: <false> but was: <true>
	at org.junit.jupiter.api.AssertionFailureBuilder.build(AssertionFailureBuilder.java:151)
	at org.junit.jupiter.api.AssertionFailureBuilder.buildAndThrow(AssertionFailureBuilder.java:132)
	at org.junit.jupiter.api.AssertFalse.failNotFalse(AssertFalse.java:63)
	at org.junit.jupiter.api.AssertFalse.assertFalse(AssertFalse.java:36)
	at org.junit.jupiter.api.Assertions.assertFalse(Assertions.java:235)
	at com.model.PuzzleTest.testCannotSolveWithoutRequiredItems(PuzzleTest.java:154)
	at java.base/java.lang.reflect.Method.invoke(Method.java:580)
	at java.base/java.util.ArrayList.forEach(ArrayList.java:1596)
	at java.base/java.util.ArrayList.forEach(ArrayList.java:1596)
]]></failure>
  </testcase>
  <testcase name="testAttemptWithNullAnswer" classname="com.model.PuzzleTest" time="0.002">
    <failure message="Attempt count should not increase for null input. ==&gt; expected: &lt;0&gt; but was: &lt;1&gt;" type="org.opentest4j.AssertionFailedError"><![CDATA[org.opentest4j.AssertionFailedError: Attempt count should not increase for null input. ==> expected: <0> but was: <1>
	at org.junit.jupiter.api.AssertionFailureBuilder.build(AssertionFailureBuilder.java:151)
	at org.junit.jupiter.api.AssertionFailureBuilder.buildAndThrow(AssertionFailureBuilder.java:132)
	at org.junit.jupiter.api.AssertEquals.failNotEqual(AssertEquals.java:197)
	at org.junit.jupiter.api.AssertEquals.assertEquals(AssertEquals.java:150)
	at org.junit.jupiter.api.Assertions.assertEquals(Assertions.java:559)
	at com.model.PuzzleTest.testAttemptWithNullAnswer(PuzzleTest.java:97)
	at java.base/java.lang.reflect.Method.invoke(Method.java:580)
	at java.base/java.util.ArrayList.forEach(ArrayList.java:1596)
	at java.base/java.util.ArrayList.forEach(ArrayList.java:1596)
]]></failure>
  </testcase>
  <testcase name="testNoFurtherAttemptsAfterSolved" classname="com.model.PuzzleTest" time="0.001"/>
  <testcase name="testCaseInsensitiveAnswerCheck" classname="com.model.PuzzleTest" time="0.001"/>
  <testcase name="testAnswerWithWhitespace" classname="com.model.PuzzleTest" time="0"/>
  <testcase name="testAttemptWithEmptyAnswer" classname="com.model.PuzzleTest" time="0.001">
    <failure message="Blank input should not increase attempts. ==&gt; expected: &lt;0&gt; but was: &lt;1&gt;" type="org.opentest4j.AssertionFailedError"><![CDATA[org.opentest4j.AssertionFailedError: Blank input should not increase attempts. ==> expected: <0> but was: <1>
	at org.junit.jupiter.api.AssertionFailureBuilder.build(AssertionFailureBuilder.java:151)
	at org.junit.jupiter.api.AssertionFailureBuilder.buildAndThrow(AssertionFailureBuilder.java:132)
	at org.junit.jupiter.api.AssertEquals.failNotEqual(AssertEquals.java:197)
	at org.junit.jupiter.api.AssertEquals.assertEquals(AssertEquals.java:150)
	at org.junit.jupiter.api.Assertions.assertEquals(Assertions.java:559)
	at com.model.PuzzleTest.testAttemptWithEmptyAnswer(PuzzleTest.java:104)
	at java.base/java.lang.reflect.Method.invoke(Method.java:580)
	at java.base/java.util.ArrayList.forEach(ArrayList.java:1596)
	at java.base/java.util.ArrayList.forEach(ArrayList.java:1596)
]]></failure>
  </testcase>
  <testcase name="testGrantAndRequireItemsNotDuplicated" classname="com.model.PuzzleTest" time="0.001"/>
  <testcase name="testAttemptCorrectAnswer" classname="com.model.PuzzleTest" time="0.001"/>
  <testcase name="testGetHintReturnsNullIsPotentialBug" classname="com.model.PuzzleTest" time="0.002">
    <failure message="getHint() should probably return a hint string or empty string, not null. ==&gt; expected: not &lt;null&gt;" type="org.opentest4j.AssertionFailedError"><![CDATA[org.opentest4j.AssertionFailedError: getHint() should probably return a hint string or empty string, not null. ==> expected: not <null>
	at org.junit.jupiter.api.AssertionFailureBuilder.build(AssertionFailureBuilder.java:152)
	at org.junit.jupiter.api.AssertionFailureBuilder.buildAndThrow(AssertionFailureBuilder.java:132)
	at org.junit.jupiter.api.AssertNotNull.failNull(AssertNotNull.java:49)
	at org.junit.jupiter.api.AssertNotNull.assertNotNull(AssertNotNull.java:35)
	at org.junit.jupiter.api.Assertions.assertNotNull(Assertions.java:308)
	at com.model.PuzzleTest.testGetHintReturnsNullIsPotentialBug(PuzzleTest.java:111)
	at java.base/java.lang.reflect.Method.invoke(Method.java:580)
	at java.base/java.util.ArrayList.forEach(ArrayList.java:1596)
	at java.base/java.util.ArrayList.forEach(ArrayList.java:1596)
]]></failure>
  </testcase>
  <testcase name="testScoreValueBasic" classname="com.model.PuzzleTest" time="0.001"/>
  <testcase name="testGetStatusTransitions" classname="com.model.PuzzleTest" time="0.001"/>
  <testcase name="testAttemptWrongAnswer" classname="com.model.PuzzleTest" time="0.001"/>
  <testcase name="testRewardsNotDuplicated" classname="com.model.PuzzleTest" time="0.001">
    <failure message="Rewards were duplicated after granting the same item twice! ==&gt; expected: &lt;1&gt; but was: &lt;2&gt;" type="org.opentest4j.AssertionFailedError"><![CDATA[org.opentest4j.AssertionFailedError: Rewards were duplicated after granting the same item twice! ==> expected: <1> but was: <2>
	at org.junit.jupiter.api.AssertionFailureBuilder.build(AssertionFailureBuilder.java:151)
	at org.junit.jupiter.api.AssertionFailureBuilder.buildAndThrow(AssertionFailureBuilder.java:132)
	at org.junit.jupiter.api.AssertEquals.failNotEqual(AssertEquals.java:197)
	at org.junit.jupiter.api.AssertEquals.assertEquals(AssertEquals.java:150)
	at org.junit.jupiter.api.Assertions.assertEquals(Assertions.java:559)
	at com.model.PuzzleTest.testRewardsNotDuplicated(PuzzleTest.java:165)
	at java.base/java.lang.reflect.Method.invoke(Method.java:580)
	at java.base/java.util.ArrayList.forEach(ArrayList.java:1596)
	at java.base/java.util.ArrayList.forEach(ArrayList.java:1596)
]]></failure>
  </testcase>
</testsuite>